#
# There is insufficient memory for the Java Runtime Environment to continue.
# Native memory allocation (mmap) failed to map 67108864 bytes for Failed to commit area from 0x00000000c1c00000 to 0x00000000c5c00000 of length 67108864.
# Possible reasons:
#   The system is out of physical RAM or swap space
#   The process is running with CompressedOops enabled, and the Java Heap may be blocking the growth of the native heap
# Possible solutions:
#   Reduce memory load on the system
#   Increase physical memory or swap space
#   Check if swap backing store is full
#   Decrease Java heap size (-Xmx/-Xms)
#   Decrease number of Java threads
#   Decrease Java thread stack sizes (-Xss)
#   Set larger code cache with -XX:ReservedCodeCacheSize=
# This output file may be truncated or incomplete.
#
#  Out of Memory Error (./src/hotspot/os/windows/os_windows.cpp:3303), pid=14624, tid=14760
#
# JRE version:  (11.0.8+10) (build )
# Java VM: OpenJDK 64-Bit Server VM (11.0.8+10-b944.6842174, mixed mode, sharing, tiered, compressed oops, g1 gc, windows-amd64)
# No core dump will be written. Minidumps are not enabled by default on client versions of Windows
#

---------------  S U M M A R Y ------------

Command Line: org.jetbrains.kotlin.cli.jvm.K2JVMCompiler @C:\EFiles\Rs School Android\RSShool2021-Android-task-Pomodoro\app\build\20210707_11439021276476852614.compiler.options

Host: Intel(R) Core(TM) i5-2520M CPU @ 2.50GHz, 4 cores, 3G,  Windows 10 , 64 bit Build 19041 (10.0.19041.1023)
Time: Wed Jul  7 15:19:58 2021 ????????????? ????? (????) elapsed time: 0 seconds (0d 0h 0m 0s)

---------------  T H R E A D  ---------------

Current thread (0x00000200b9b49800):  JavaThread "Unknown thread" [_thread_in_vm, id=14760, stack(0x00000068ae800000,0x00000068ae900000)]

Stack: [0x00000068ae800000,0x00000068ae900000]
Native frames: (J=compiled Java code, j=interpreted, Vv=VM code, C=native code)
V  [jvm.dll+0x5de50a]
V  [jvm.dll+0x7122f5]
V  [jvm.dll+0x71384d]
V  [jvm.dll+0x713f03]
V  [jvm.dll+0x23e728]
V  [jvm.dll+0x5db9a4]
V  [jvm.dll+0x5d0ae5]
V  [jvm.dll+0x2fb20b]
V  [jvm.dll+0x2fb17a]
V  [jvm.dll+0x2fb052]
V  [jvm.dll+0x2fff16]
V  [jvm.dll+0x348743]
V  [jvm.dll+0x348e46]
V  [jvm.dll+0x348843]
V  [jvm.dll+0x2d5d68]
V  [jvm.dll+0x2d6f07]
V  [jvm.dll+0x6f11f7]
V  [jvm.dll+0x6f29ec]
V  [jvm.dll+0x355cb9]
V  [jvm.dll+0x6d4ade]
V  [jvm.dll+0x3bdfe3]
V  [jvm.dll+0x3c0201]
C  [jli.dll+0x5373]
C  [ucrtbase.dll+0x21bb2]
C  [KERNEL32.DLL+0x17034]
C  [ntdll.dll+0x52651]


---------------  P R O C E S S  ---------------

Threads class SMR info:
_java_thread_list=0x00000200b80c3600, length=0, elements={
}

Java Threads: ( => current thread )

Other Threads:
  0x00000200b9b65000 GCTaskThread "GC Thread#0" [stack: 0x00000068ae900000,0x00000068aea00000] [id=6836]
  0x00000200b9b7e800 ConcurrentGCThread "G1 Main Marker" [stack: 0x00000068aea00000,0x00000068aeb00000] [id=13452]
  0x00000200b9b80000 ConcurrentGCThread "G1 Conc#0" [stack: 0x00000068aeb00000,0x00000068aec00000] [id=6500]

[error occurred during error reporting (printing all threads), id 0xc0000005, EXCEPTION_ACCESS_VIOLATION (0xc0000005) at pc=0x00007ffdf6336357]

VM state:not at safepoint (not fully initialized)

VM Mutex/Monitor currently owned by a thread:  ([mutex/lock_event])
[0x00000200b9b472c0] Heap_lock - owner thread: 0x00000200b9b49800

Heap address: 0x00000000c1c00000, size: 996 MB, Compressed Oops mode: Non-zero based: 0x00000000c1c00000
Narrow klass base: 0x0000000000000000, Narrow klass shift: 0

GC Heap History (0 events):
No events

Deoptimization events (0 events):
No events

Classes redefined (0 events):
No events

Internal exceptions (0 events):
No events

Events (1 events):
Event: 0.014 Loaded shared library C:\Users\user\AppData\Local\JetBrains\Toolbox\apps\AndroidStudio\ch-0\203.7321754\jre\bin\zip.dll


Dynamic libraries:
0x00007ff6f36a0000 - 0x00007ff6f36aa000 	C:\Users\user\AppData\Local\JetBrains\Toolbox\apps\AndroidStudio\ch-0\203.7321754\jre\bin\java.exe
0x00007ffe3fd30000 - 0x00007ffe3ff25000 	C:\WINDOWS\SYSTEM32\ntdll.dll
0x00007ffe3e720000 - 0x00007ffe3e7dd000 	C:\WINDOWS\System32\KERNEL32.DLL
0x00007ffe3d9f0000 - 0x00007ffe3dcb8000 	C:\WINDOWS\System32\KERNELBASE.dll
0x00007ffe3d5c0000 - 0x00007ffe3d6c0000 	C:\WINDOWS\System32\ucrtbase.dll
0x00007ffe32f20000 - 0x00007ffe32f37000 	C:\Users\user\AppData\Local\JetBrains\Toolbox\apps\AndroidStudio\ch-0\203.7321754\jre\bin\VCRUNTIME140.dll
0x00007ffe32940000 - 0x00007ffe32959000 	C:\Users\user\AppData\Local\JetBrains\Toolbox\apps\AndroidStudio\ch-0\203.7321754\jre\bin\jli.dll
0x00007ffe3f9f0000 - 0x00007ffe3fb90000 	C:\WINDOWS\System32\USER32.dll
0x00007ffe3d7d0000 - 0x00007ffe3d7f2000 	C:\WINDOWS\System32\win32u.dll
0x00007ffe0e2e0000 - 0x00007ffe0e57a000 	C:\WINDOWS\WinSxS\amd64_microsoft.windows.common-controls_6595b64144ccf1df_6.0.19041.1052_none_60b8f8fd71f5e8cb\COMCTL32.dll
0x00007ffe3fcc0000 - 0x00007ffe3fcea000 	C:\WINDOWS\System32\GDI32.dll
0x00007ffe3d6c0000 - 0x00007ffe3d7cb000 	C:\WINDOWS\System32\gdi32full.dll
0x00007ffe3ea80000 - 0x00007ffe3eb1e000 	C:\WINDOWS\System32\msvcrt.dll
0x00007ffe3d4c0000 - 0x00007ffe3d55d000 	C:\WINDOWS\System32\msvcp_win.dll
0x00007ffe3eba0000 - 0x00007ffe3ebd0000 	C:\WINDOWS\System32\IMM32.DLL
0x00007ffe2a3b0000 - 0x00007ffe2a44d000 	C:\Users\user\AppData\Local\JetBrains\Toolbox\apps\AndroidStudio\ch-0\203.7321754\jre\bin\msvcp140.dll
0x00007ffdf6050000 - 0x00007ffdf6b0c000 	C:\Users\user\AppData\Local\JetBrains\Toolbox\apps\AndroidStudio\ch-0\203.7321754\jre\bin\server\jvm.dll
0x00007ffe3e7e0000 - 0x00007ffe3e88c000 	C:\WINDOWS\System32\ADVAPI32.dll
0x00007ffe3f810000 - 0x00007ffe3f8ab000 	C:\WINDOWS\System32\sechost.dll
0x00007ffe3de50000 - 0x00007ffe3df7b000 	C:\WINDOWS\System32\RPCRT4.dll
0x00007ffe3eb90000 - 0x00007ffe3eb98000 	C:\WINDOWS\System32\PSAPI.DLL
0x00007ffe37dd0000 - 0x00007ffe37dd9000 	C:\WINDOWS\SYSTEM32\WSOCK32.dll
0x00007ffe19090000 - 0x00007ffe190b7000 	C:\WINDOWS\SYSTEM32\WINMM.dll
0x00007ffe3eb20000 - 0x00007ffe3eb8b000 	C:\WINDOWS\System32\WS2_32.dll
0x00007ffe354c0000 - 0x00007ffe354ca000 	C:\WINDOWS\SYSTEM32\VERSION.dll
0x00007ffe3bd90000 - 0x00007ffe3bda2000 	C:\WINDOWS\SYSTEM32\kernel.appcore.dll
0x00007ffe33b30000 - 0x00007ffe33b41000 	C:\Users\user\AppData\Local\JetBrains\Toolbox\apps\AndroidStudio\ch-0\203.7321754\jre\bin\verify.dll
0x00007ffe35170000 - 0x00007ffe35354000 	C:\WINDOWS\SYSTEM32\DBGHELP.DLL
0x00007ffe35140000 - 0x00007ffe3516c000 	C:\WINDOWS\SYSTEM32\dbgcore.DLL
0x00007ffe3d960000 - 0x00007ffe3d9e3000 	C:\WINDOWS\System32\bcryptPrimitives.dll
0x00007ffe32a50000 - 0x00007ffe32a79000 	C:\Users\user\AppData\Local\JetBrains\Toolbox\apps\AndroidStudio\ch-0\203.7321754\jre\bin\java.dll
0x00007ffe37dc0000 - 0x00007ffe37dcb000 	C:\Users\user\AppData\Local\JetBrains\Toolbox\apps\AndroidStudio\ch-0\203.7321754\jre\bin\jimage.dll
0x00007ffe33660000 - 0x00007ffe33678000 	C:\Users\user\AppData\Local\JetBrains\Toolbox\apps\AndroidStudio\ch-0\203.7321754\jre\bin\zip.dll

dbghelp: loaded successfully - version: 4.0.5 - missing functions: none
symbol engine: initialized successfully - sym options: 0x614 - pdb path: .;C:\Users\user\AppData\Local\JetBrains\Toolbox\apps\AndroidStudio\ch-0\203.7321754\jre\bin;C:\WINDOWS\SYSTEM32;C:\WINDOWS\WinSxS\amd64_microsoft.windows.common-controls_6595b64144ccf1df_6.0.19041.1052_none_60b8f8fd71f5e8cb;C:\Users\user\AppData\Local\JetBrains\Toolbox\apps\AndroidStudio\ch-0\203.7321754\jre\bin\server

VM Arguments:
java_command: org.jetbrains.kotlin.cli.jvm.K2JVMCompiler @C:\EFiles\Rs School Android\RSShool2021-Android-task-Pomodoro\app\build\20210707_11439021276476852614.compiler.options
java_class_path (initial): C:\Users\user\.gradle\caches\modules-2\files-2.1\org.jetbrains.kotlin\kotlin-compiler-embeddable\1.5.20\1900e8b9aca0a9caffd45b99b36e3720a0a284f8\kotlin-compiler-embeddable-1.5.20.jar;C:\Users\user\.gradle\caches\modules-2\files-2.1\org.jetbrains.kotlin\kotlin-reflect\1.5.20\63810951f09a27f7827977f1bc21094042a915e\kotlin-reflect-1.5.20.jar;C:\Users\user\.gradle\caches\modules-2\files-2.1\org.jetbrains.kotlin\kotlin-stdlib\1.5.20\9de35cc611bcecec8edce1d56d8e659953806751\kotlin-stdlib-1.5.20.jar;C:\Users\user\.gradle\caches\modules-2\files-2.1\org.jetbrains.kotlin\kotlin-script-runtime\1.5.20\4381bb58d37b84d4d1afe55ec35542dd9b77e101\kotlin-script-runtime-1.5.20.jar;C:\Users\user\.gradle\caches\modules-2\files-2.1\org.jetbrains.kotlin\kotlin-daemon-embeddable\1.5.20\36c38cda019834dcd2959cc33a12768adcd94256\kotlin-daemon-embeddable-1.5.20.jar;C:\Users\user\.gradle\caches\modules-2\files-2.1\org.jetbrains.intellij.deps\trove4j\1.0.20181211\216c2e14b070f334479d800987affe4054cd563f\trove4j-1.0.20181211.jar;C:\Users\user\.gradle\caches\modules-2\files-2.1\org.jetbrains\annotations\13.0\919f0dfe192fb4e063e7dacadee7f8bb9a2672a9\annotations-13.0.jar;C:\Users\user\.gradle\caches\modules-2\files-2.1\org.jetbrains.kotlin\kotlin-stdlib-common\1.5.20\3d79dbd48bf605f4aac1e7028981a1953e245cbb\kotlin-stdlib-common-1.5.20.jar
Launcher Type: SUN_STANDARD

[Global flags]
     intx CICompilerCount                          = 3                                         {product} {ergonomic}
     uint ConcGCThreads                            = 1                                         {product} {ergonomic}
     uint G1ConcRefinementThreads                  = 4                                         {product} {ergonomic}
   size_t G1HeapRegionSize                         = 1048576                                   {product} {ergonomic}
    uintx GCDrainStackTargetSize                   = 64                                        {product} {ergonomic}
   size_t InitialHeapSize                          = 67108864                                  {product} {ergonomic}
   size_t MarkStackSize                            = 4194304                                   {product} {ergonomic}
   size_t MaxHeapSize                              = 1044381696                                {product} {ergonomic}
   size_t MinHeapDeltaBytes                        = 1048576                                   {product} {ergonomic}
    uintx NonNMethodCodeHeapSize                   = 5830732                                {pd product} {ergonomic}
    uintx NonProfiledCodeHeapSize                  = 122913754                              {pd product} {ergonomic}
    uintx ProfiledCodeHeapSize                     = 122913754                              {pd product} {ergonomic}
    uintx ReservedCodeCacheSize                    = 251658240                              {pd product} {ergonomic}
     bool SegmentedCodeCache                       = true                                      {product} {ergonomic}
     bool UseCompressedClassPointers               = true                                 {lp64_product} {ergonomic}
     bool UseCompressedOops                        = true                                 {lp64_product} {ergonomic}
     bool UseG1GC                                  = true                                      {product} {ergonomic}
     bool UseLargePagesIndividualAllocation        = false                                  {pd product} {ergonomic}

Logging:
Log output configuration:
 #0: stdout all=warning uptime,level,tags
 #1: stderr all=off uptime,level,tags

Environment Variables:
PATH=C:\Program Files\Common Files\Oracle\Java\javapath;C:\ProgramData\Oracle\Java\javapath;C:\WINDOWS\system32;C:\WINDOWS;C:\WINDOWS\System32\Wbem;C:\WINDOWS\System32\WindowsPowerShell\v1.0\;C:\Program Files (x86)\Intel\OpenCL SDK\2.0\bin\x86;C:\Program Files (x86)\Intel\OpenCL SDK\2.0\bin\x64;C:\Program Files\ThinkPad\Bluetooth Software\;C:\Program Files\ThinkPad\Bluetooth Software\syswow64;C:\Program Files\Microsoft SQL Server\Client SDK\ODBC\130\Tools\Binn\;C:\Program Files (x86)\Microsoft SQL Server\130\Tools\Binn\;C:\Program Files\Microsoft SQL Server\130\Tools\Binn\;C:\Program Files\Microsoft SQL Server\130\DTS\Binn\;C:\WINDOWS\System32\OpenSSH\;C:\Program Files\Git\cmd;C:\Users\user\AppData\Local\Microsoft\WindowsApps;;C:\Users\user\AppData\Local\Programs\Microsoft VS Code\bin
USERNAME=user
OS=Windows_NT
PROCESSOR_IDENTIFIER=Intel64 Family 6 Model 42 Stepping 7, GenuineIntel



---------------  S Y S T E M  ---------------

OS: Windows 10 , 64 bit Build 19041 (10.0.19041.1023)
OS uptime: 23 days 4:03 hours

CPU:total 4 (initial active 4) (2 cores per cpu, 2 threads per core) family 6 model 42 stepping 7, cmov, cx8, fxsr, mmx, sse, sse2, sse3, ssse3, sse4.1, sse4.2, popcnt, avx, aes, clmul, ht, tsc, tscinvbit

Memory: 4k page, system-wide physical 3979M (237M free)
TotalPageFile size 16267M (AvailPageFile size 16M)
current process WorkingSet (physical memory assigned to process): 9M, peak: 9M
current process commit charge ("private bytes"): 51M, peak: 115M

vm_info: OpenJDK 64-Bit Server VM (11.0.8+10-b944.6842174) for windows-amd64 JRE (11.0.8+10-b944.6842174), built on Sep 19 2020 01:11:42 by "builder" with MS VC++ 14.0 (VS2015)

END.
